<?xml version="1.0" encoding="UTF-8"?>
<testsuites name="AcessoApuracao" time="38.767" tests="1" failures="0" errors="0">
   <testsuite name="AcessoApuracao" tests="1" failures="0" errors="0" time="38.767" skipped="0" timestamp="07-04-2025T17:01:52" hostname="NOVO-0182 - S0182" id="Test Suites/Apuracao/AcessoApuracao">
      <properties>
         <property name="deviceName" value=""/>
         <property name="devicePlatform"/>
         <property name="logFolder" value="C:\\Users\\NOVO-0182\\git\\KatalonSittax\\Reports\\20250407_170148\\Apuracao\\AcessoApuracao\\20250407_170148"/>
         <property name="logFiles" value="C:\\Users\\NOVO-0182\\git\\KatalonSittax\\Reports\\20250407_170148\\Apuracao\\AcessoApuracao\\20250407_170148\\execution0.log"/>
         <property name="attachments" value=""/>
         <property name="hostName" value="NOVO-0182 - S0182"/>
         <property name="os" value="Windows 11 64bit"/>
         <property name="katalonVersion" value="10.1.1.0"/>
         <property name="browser" value="Chrome 135.0.7049.41"/>
         <property name="hostAddress" value="192.168.1.196"/>
         <property name="sessionId" value="afe4efb355d4dd394eccd4ad43094db9"/>
         <property name="seleniumVersion" value="4.22.0"/>
         <property name="proxyInformation" value="ProxyInformation { proxyOption=NO_PROXY, proxyServerType=HTTP, username=, password=********, proxyServerAddress=, proxyServerPort=0, executionList=&quot;&quot;, isApplyToDesiredCapabilities=true }"/>
         <property name="platform" value="Windows 11"/>
      </properties>
      <testcase name="Test Cases/TelaApuracao" time="38.571" classname="Test Cases/TelaApuracao" status="PASSED">
         <system-out><![CDATA[07-04-2025T17:01:53 - [TEST_CASE][PASSED] - Test Cases/TelaApuracao: Test Cases/TelaApuracao

07-04-2025T17:01:53 - [TEST_STEP][PASSED] - openBrowser(""): Browser is opened with url: ''

07-04-2025T17:01:53 - [MESSAGE][INFO] - Starting 'Chrome' driver

07-04-2025T17:01:53 - [MESSAGE][INFO] - Action delay is set to 0 milliseconds

07-04-2025T17:01:55 - [MESSAGE][PASSED] - Browser is opened with url: ''

07-04-2025T17:01:55 - [TEST_STEP][PASSED] - navigateToUrl("https://app.sittax.com.br/login"): Navigate to 'https://app.sittax.com.br/login' successfully

07-04-2025T17:01:56 - [MESSAGE][PASSED] - Navigate to 'https://app.sittax.com.br/login' successfully

07-04-2025T17:01:56 - [TEST_STEP][PASSED] - setText(findTestObject("Object Repository/Page_Simples/input_Usurio_usuario (1)"), "lucas.gontijo@sittax.com"): Text 'lucas.gontijo@sittax.com' is set on object 'Object Repository/Page_Simples/input_Usurio_usuario (1)'

07-04-2025T17:01:57 - [MESSAGE][PASSED] - Text 'lucas.gontijo@sittax.com' is set on object 'Object Repository/Page_Simples/input_Usurio_usuario (1)'

07-04-2025T17:01:57 - [TEST_STEP][PASSED] - setEncryptedText(findTestObject("Object Repository/Page_Simples/input_Senha_senha (1)"), "Q+mFkPFOH/RZRQ478vxz1g=="): Text ****** has been set on object 'Object Repository/Page_Simples/input_Senha_senha (1)'

07-04-2025T17:01:58 - [MESSAGE][PASSED] - Text ****** has been set on object 'Object Repository/Page_Simples/input_Senha_senha (1)'

07-04-2025T17:01:58 - [TEST_STEP][PASSED] - sendKeys(findTestObject("Object Repository/Page_Simples/input_Senha_senha (1)"), Keys.chord(ENTER)): Keys 'ENTER + ' sent to object: 'Object Repository/Page_Simples/input_Senha_senha (1)'

07-04-2025T17:01:58 - [MESSAGE][PASSED] - Keys 'ENTER + ' sent to object: 'Object Repository/Page_Simples/input_Senha_senha (1)'

07-04-2025T17:01:58 - [TEST_STEP][PASSED] - setEncryptedText(findTestObject("Object Repository/Page_Simples/input_Senha_senha (1)"), "Q+mFkPFOH/RZRQ478vxz1g=="): Text ****** has been set on object 'Object Repository/Page_Simples/input_Senha_senha (1)'

07-04-2025T17:01:59 - [MESSAGE][PASSED] - Text ****** has been set on object 'Object Repository/Page_Simples/input_Senha_senha (1)'

07-04-2025T17:01:59 - [TEST_STEP][PASSED] - sendKeys(findTestObject("Object Repository/Page_Simples/input_Senha_senha (1)"), Keys.chord(ENTER)): Keys 'ENTER + ' sent to object: 'Object Repository/Page_Simples/input_Senha_senha (1)'

07-04-2025T17:01:59 - [MESSAGE][PASSED] - Keys 'ENTER + ' sent to object: 'Object Repository/Page_Simples/input_Senha_senha (1)'

07-04-2025T17:01:59 - [TEST_STEP][PASSED] - setText(findTestObject("Object Repository/Page_Simples/input_Usurio_usuario (1)"), "lucas.gontijo@sittax.com.br"): Text 'lucas.gontijo@sittax.com.br' is set on object 'Object Repository/Page_Simples/input_Usurio_usuario (1)'

07-04-2025T17:02:00 - [MESSAGE][PASSED] - Text 'lucas.gontijo@sittax.com.br' is set on object 'Object Repository/Page_Simples/input_Usurio_usuario (1)'

07-04-2025T17:02:00 - [TEST_STEP][PASSED] - sendKeys(findTestObject("Object Repository/Page_Simples/input_Usurio_usuario (1)"), Keys.chord(ENTER)): Keys 'ENTER + ' sent to object: 'Object Repository/Page_Simples/input_Usurio_usuario (1)'

07-04-2025T17:02:00 - [MESSAGE][PASSED] - Keys 'ENTER + ' sent to object: 'Object Repository/Page_Simples/input_Usurio_usuario (1)'

07-04-2025T17:02:00 - [TEST_STEP][PASSED] - setText(findTestObject("Object Repository/Page_Simples/input_Selecione uma empresa_selectHeaderEmp_72c3ac (1)"), "a. f c"): Text 'a. f c' is set on object 'Object Repository/Page_Simples/input_Selecione uma empresa_selectHeaderEmp_72c3ac (1)'

07-04-2025T17:02:11 - [MESSAGE][PASSED] - Text 'a. f c' is set on object 'Object Repository/Page_Simples/input_Selecione uma empresa_selectHeaderEmp_72c3ac (1)'

07-04-2025T17:02:11 - [TEST_STEP][PASSED] - sendKeys(findTestObject("Object Repository/Page_Simples/input_Selecione uma empresa_selectHeaderEmp_72c3ac (1)"), Keys.chord(ENTER)): Keys 'ENTER + ' sent to object: 'Object Repository/Page_Simples/input_Selecione uma empresa_selectHeaderEmp_72c3ac (1)'

07-04-2025T17:02:11 - [MESSAGE][PASSED] - Keys 'ENTER + ' sent to object: 'Object Repository/Page_Simples/input_Selecione uma empresa_selectHeaderEmp_72c3ac (1)'

07-04-2025T17:02:11 - [TEST_STEP][PASSED] - click(findTestObject("Object Repository/Page_Simples/div_mar2025 (1)")): Object: 'Object Repository/Page_Simples/div_mar2025 (1)' is clicked on

07-04-2025T17:02:15 - [MESSAGE][PASSED] - Object: 'Object Repository/Page_Simples/div_mar2025 (1)' is clicked on

07-04-2025T17:02:15 - [TEST_STEP][PASSED] - click(findTestObject("Object Repository/Page_Simples/span_Janeiro")): Object: 'Object Repository/Page_Simples/span_Janeiro' is clicked on

07-04-2025T17:02:16 - [MESSAGE][PASSED] - Object: 'Object Repository/Page_Simples/span_Janeiro' is clicked on

07-04-2025T17:02:16 - [TEST_STEP][PASSED] - click(findTestObject("Object Repository/Page_Simples/img_Fechar_p-0 rounded-circle")): Object: 'Object Repository/Page_Simples/img_Fechar_p-0 rounded-circle' is clicked on

07-04-2025T17:02:27 - [MESSAGE][PASSED] - Object: 'Object Repository/Page_Simples/img_Fechar_p-0 rounded-circle' is clicked on

07-04-2025T17:02:27 - [TEST_STEP][PASSED] - click(findTestObject("Object Repository/Page_Simples/span_Apurao")): Object: 'Object Repository/Page_Simples/span_Apurao' is clicked on

07-04-2025T17:02:27 - [MESSAGE][PASSED] - Object: 'Object Repository/Page_Simples/span_Apurao' is clicked on

07-04-2025T17:02:27 - [TEST_STEP][PASSED] - click(findTestObject("Object Repository/Page_Simples/span_Gerar apurao")): Object: 'Object Repository/Page_Simples/span_Gerar apurao' is clicked on

07-04-2025T17:02:28 - [MESSAGE][PASSED] - Object: 'Object Repository/Page_Simples/span_Gerar apurao' is clicked on

07-04-2025T17:02:28 - [TEST_STEP][PASSED] - click(findTestObject("Object Repository/Page_Simples/button_OK")): Object: 'Object Repository/Page_Simples/button_OK' is clicked on

07-04-2025T17:02:31 - [MESSAGE][PASSED] - Object: 'Object Repository/Page_Simples/button_OK' is clicked on]]></system-out>
         <system-err><![CDATA[]]></system-err>
      </testcase>
      <system-out><![CDATA[07-04-2025T17:01:52 - [TEST_SUITE][PASSED] - AcessoApuracao: Test Cases/TelaApuracao]]></system-out>
      <system-err><![CDATA[]]></system-err>
   </testsuite>
</testsuites>
