<?xml version="1.0" encoding="UTF-8"?>
<testsuites name="Acesso" time="36.676" tests="1" failures="0" errors="0">
   <testsuite name="Acesso" tests="1" failures="0" errors="0" time="36.676" skipped="0" timestamp="07-04-2025T16:55:20" hostname="NOVO-0182 - S0182" id="Test Suites/Acesso">
      <properties>
         <property name="deviceName" value=""/>
         <property name="devicePlatform"/>
         <property name="logFolder" value="C:\\Users\\NOVO-0182\\git\\KatalonSittax\\Reports\\20250407_165515\\Acesso\\20250407_165515"/>
         <property name="logFiles" value="C:\\Users\\NOVO-0182\\git\\KatalonSittax\\Reports\\20250407_165515\\Acesso\\20250407_165515\\execution0.log"/>
         <property name="attachments" value=""/>
         <property name="hostName" value="NOVO-0182 - S0182"/>
         <property name="os" value="Windows 11 64bit"/>
         <property name="katalonVersion" value="10.1.1.0"/>
         <property name="browser" value="Chrome 135.0.7049.41"/>
         <property name="hostAddress" value="192.168.1.196"/>
         <property name="sessionId" value="8b1f72259feabbe57c40702eadecd233"/>
         <property name="seleniumVersion" value="4.22.0"/>
         <property name="proxyInformation" value="ProxyInformation { proxyOption=NO_PROXY, proxyServerType=HTTP, username=, password=********, proxyServerAddress=, proxyServerPort=0, executionList=&quot;&quot;, isApplyToDesiredCapabilities=true }"/>
         <property name="platform" value="Windows 11"/>
      </properties>
      <testcase name="Test Cases/Login Test" time="36.464" classname="Test Cases/Login Test" status="PASSED">
         <system-out><![CDATA[07-04-2025T16:55:20 - [TEST_CASE][PASSED] - Test Cases/Login Test: Test Cases/Login Test

07-04-2025T16:55:21 - [TEST_STEP][PASSED] - openBrowser(""): Browser is opened with url: ''

07-04-2025T16:55:21 - [MESSAGE][INFO] - Starting 'Chrome' driver

07-04-2025T16:55:21 - [MESSAGE][INFO] - Action delay is set to 0 milliseconds

07-04-2025T16:55:23 - [MESSAGE][PASSED] - Browser is opened with url: ''

07-04-2025T16:55:23 - [TEST_STEP][PASSED] - navigateToUrl("https://app.sittax.com.br/login"): Navigate to 'https://app.sittax.com.br/login' successfully

07-04-2025T16:55:24 - [MESSAGE][PASSED] - Navigate to 'https://app.sittax.com.br/login' successfully

07-04-2025T16:55:24 - [TEST_STEP][PASSED] - setText(findTestObject("Object Repository/Page_Simples/input_Usurio_usuario"), "lucas.gontijo@sittax.com.br"): Text 'lucas.gontijo@sittax.com.br' is set on object 'Object Repository/Page_Simples/input_Usurio_usuario'

07-04-2025T16:55:25 - [MESSAGE][PASSED] - Text 'lucas.gontijo@sittax.com.br' is set on object 'Object Repository/Page_Simples/input_Usurio_usuario'

07-04-2025T16:55:25 - [TEST_STEP][PASSED] - setEncryptedText(findTestObject("Object Repository/Page_Simples/input_Senha_senha"), "Q+mFkPFOH/RZRQ478vxz1g=="): Text ****** has been set on object 'Object Repository/Page_Simples/input_Senha_senha'

07-04-2025T16:55:25 - [MESSAGE][PASSED] - Text ****** has been set on object 'Object Repository/Page_Simples/input_Senha_senha'

07-04-2025T16:55:25 - [TEST_STEP][PASSED] - sendKeys(findTestObject("Object Repository/Page_Simples/input_Senha_senha"), Keys.chord(ENTER)): Keys 'ENTER + ' sent to object: 'Object Repository/Page_Simples/input_Senha_senha'

07-04-2025T16:55:26 - [MESSAGE][PASSED] - Keys 'ENTER + ' sent to object: 'Object Repository/Page_Simples/input_Senha_senha'

07-04-2025T16:55:26 - [TEST_STEP][PASSED] - setText(findTestObject("Object Repository/Page_Simples/input_Selecione uma empresa_selectHeaderEmp_72c3ac"), "a. f c"): Text 'a. f c' is set on object 'Object Repository/Page_Simples/input_Selecione uma empresa_selectHeaderEmp_72c3ac'

07-04-2025T16:55:37 - [MESSAGE][PASSED] - Text 'a. f c' is set on object 'Object Repository/Page_Simples/input_Selecione uma empresa_selectHeaderEmp_72c3ac'

07-04-2025T16:55:37 - [TEST_STEP][PASSED] - sendKeys(findTestObject("Object Repository/Page_Simples/input_Selecione uma empresa_selectHeaderEmp_72c3ac"), Keys.chord(ENTER)): Keys 'ENTER + ' sent to object: 'Object Repository/Page_Simples/input_Selecione uma empresa_selectHeaderEmp_72c3ac'

07-04-2025T16:55:38 - [MESSAGE][PASSED] - Keys 'ENTER + ' sent to object: 'Object Repository/Page_Simples/input_Selecione uma empresa_selectHeaderEmp_72c3ac'

07-04-2025T16:55:38 - [TEST_STEP][PASSED] - click(findTestObject("Object Repository/Page_Simples/div_mar2025")): Object: 'Object Repository/Page_Simples/div_mar2025' is clicked on

07-04-2025T16:55:42 - [MESSAGE][PASSED] - Object: 'Object Repository/Page_Simples/div_mar2025' is clicked on

07-04-2025T16:55:42 - [TEST_STEP][PASSED] - click(findTestObject("Object Repository/Page_Simples/span_Fevereiro")): Object: 'Object Repository/Page_Simples/span_Fevereiro' is clicked on

07-04-2025T16:55:43 - [MESSAGE][PASSED] - Object: 'Object Repository/Page_Simples/span_Fevereiro' is clicked on

07-04-2025T16:55:43 - [TEST_STEP][PASSED] - click(findTestObject("Object Repository/Page_Simples/a_MEI")): Object: 'Object Repository/Page_Simples/a_MEI' is clicked on

07-04-2025T16:55:54 - [MESSAGE][PASSED] - Object: 'Object Repository/Page_Simples/a_MEI' is clicked on

07-04-2025T16:55:54 - [TEST_STEP][PASSED] - click(findTestObject("Object Repository/Page_Simples/a_Simples Nacional")): Object: 'Object Repository/Page_Simples/a_Simples Nacional' is clicked on

07-04-2025T16:55:57 - [MESSAGE][PASSED] - Object: 'Object Repository/Page_Simples/a_Simples Nacional' is clicked on]]></system-out>
         <system-err><![CDATA[]]></system-err>
      </testcase>
      <system-out><![CDATA[07-04-2025T16:55:20 - [TEST_SUITE][PASSED] - Acesso: Test Cases/Login Test]]></system-out>
      <system-err><![CDATA[]]></system-err>
   </testsuite>
</testsuites>
