<?xml version="1.0" encoding="UTF-8"?>
<testsuites name="AcessoApuracao" time="77.574" tests="2" failures="0" errors="0">
   <testsuite name="AcessoApuracao" tests="2" failures="0" errors="0" time="77.574" skipped="0" timestamp="07-04-2025T17:07:30" hostname="NOVO-0182 - S0182" id="Test Suites/Apuracao/AcessoApuracao">
      <properties>
         <property name="deviceName" value=""/>
         <property name="devicePlatform"/>
         <property name="logFolder" value="C:\\Users\\NOVO-0182\\git\\KatalonSittax\\Reports\\20250407_170724\\Apuracao\\AcessoApuracao\\20250407_170725"/>
         <property name="logFiles" value="C:\\Users\\NOVO-0182\\git\\KatalonSittax\\Reports\\20250407_170724\\Apuracao\\AcessoApuracao\\20250407_170725\\execution0.log"/>
         <property name="attachments" value=""/>
         <property name="hostName" value="NOVO-0182 - S0182"/>
         <property name="os" value="Windows 11 64bit"/>
         <property name="katalonVersion" value="10.1.1.0"/>
         <property name="browser" value="Chrome 135.0.7049.41"/>
         <property name="hostAddress" value="192.168.1.196"/>
         <property name="sessionId" value="a0e342903ad6a3336e758dff15a9cc70"/>
         <property name="seleniumVersion" value="4.22.0"/>
         <property name="proxyInformation" value="ProxyInformation { proxyOption=NO_PROXY, proxyServerType=HTTP, username=, password=********, proxyServerAddress=, proxyServerPort=0, executionList=&quot;&quot;, isApplyToDesiredCapabilities=true }"/>
         <property name="platform" value="Windows 11"/>
      </properties>
      <testcase name="Test Cases/Login Test" time="38.728" classname="Test Cases/Login Test" status="PASSED">
         <system-out><![CDATA[07-04-2025T17:07:31 - [TEST_CASE][PASSED] - Test Cases/Login Test: Test Cases/Login Test

07-04-2025T17:07:31 - [TEST_STEP][PASSED] - openBrowser(""): Browser is opened with url: ''

07-04-2025T17:07:31 - [MESSAGE][INFO] - Starting 'Chrome' driver

07-04-2025T17:07:31 - [MESSAGE][INFO] - Action delay is set to 0 milliseconds

07-04-2025T17:07:33 - [MESSAGE][PASSED] - Browser is opened with url: ''

07-04-2025T17:07:33 - [TEST_STEP][PASSED] - navigateToUrl("https://app.sittax.com.br/login"): Navigate to 'https://app.sittax.com.br/login' successfully

07-04-2025T17:07:34 - [MESSAGE][PASSED] - Navigate to 'https://app.sittax.com.br/login' successfully

07-04-2025T17:07:34 - [TEST_STEP][PASSED] - setText(findTestObject("Object Repository/Page_Simples/input_Usurio_usuario"), "lucas.gontijo@sittax.com.br"): Text 'lucas.gontijo@sittax.com.br' is set on object 'Object Repository/Page_Simples/input_Usurio_usuario'

07-04-2025T17:07:36 - [MESSAGE][PASSED] - Text 'lucas.gontijo@sittax.com.br' is set on object 'Object Repository/Page_Simples/input_Usurio_usuario'

07-04-2025T17:07:36 - [TEST_STEP][PASSED] - setEncryptedText(findTestObject("Object Repository/Page_Simples/input_Senha_senha"), "Q+mFkPFOH/RZRQ478vxz1g=="): Text ****** has been set on object 'Object Repository/Page_Simples/input_Senha_senha'

07-04-2025T17:07:36 - [MESSAGE][PASSED] - Text ****** has been set on object 'Object Repository/Page_Simples/input_Senha_senha'

07-04-2025T17:07:36 - [TEST_STEP][PASSED] - sendKeys(findTestObject("Object Repository/Page_Simples/input_Senha_senha"), Keys.chord(ENTER)): Keys 'ENTER + ' sent to object: 'Object Repository/Page_Simples/input_Senha_senha'

07-04-2025T17:07:37 - [MESSAGE][PASSED] - Keys 'ENTER + ' sent to object: 'Object Repository/Page_Simples/input_Senha_senha'

07-04-2025T17:07:37 - [TEST_STEP][PASSED] - setText(findTestObject("Object Repository/Page_Simples/input_Selecione uma empresa_selectHeaderEmp_72c3ac"), "a. f c"): Text 'a. f c' is set on object 'Object Repository/Page_Simples/input_Selecione uma empresa_selectHeaderEmp_72c3ac'

07-04-2025T17:07:50 - [MESSAGE][PASSED] - Text 'a. f c' is set on object 'Object Repository/Page_Simples/input_Selecione uma empresa_selectHeaderEmp_72c3ac'

07-04-2025T17:07:50 - [TEST_STEP][PASSED] - sendKeys(findTestObject("Object Repository/Page_Simples/input_Selecione uma empresa_selectHeaderEmp_72c3ac"), Keys.chord(ENTER)): Keys 'ENTER + ' sent to object: 'Object Repository/Page_Simples/input_Selecione uma empresa_selectHeaderEmp_72c3ac'

07-04-2025T17:07:51 - [MESSAGE][PASSED] - Keys 'ENTER + ' sent to object: 'Object Repository/Page_Simples/input_Selecione uma empresa_selectHeaderEmp_72c3ac'

07-04-2025T17:07:51 - [TEST_STEP][PASSED] - click(findTestObject("Object Repository/Page_Simples/div_mar2025")): Object: 'Object Repository/Page_Simples/div_mar2025' is clicked on

07-04-2025T17:07:55 - [MESSAGE][PASSED] - Object: 'Object Repository/Page_Simples/div_mar2025' is clicked on

07-04-2025T17:07:55 - [TEST_STEP][PASSED] - click(findTestObject("Object Repository/Page_Simples/span_Fevereiro")): Object: 'Object Repository/Page_Simples/span_Fevereiro' is clicked on

07-04-2025T17:07:56 - [MESSAGE][PASSED] - Object: 'Object Repository/Page_Simples/span_Fevereiro' is clicked on

07-04-2025T17:07:56 - [TEST_STEP][PASSED] - click(findTestObject("Object Repository/Page_Simples/a_MEI")): Object: 'Object Repository/Page_Simples/a_MEI' is clicked on

07-04-2025T17:08:06 - [MESSAGE][PASSED] - Object: 'Object Repository/Page_Simples/a_MEI' is clicked on

07-04-2025T17:08:06 - [TEST_STEP][PASSED] - click(findTestObject("Object Repository/Page_Simples/a_Simples Nacional")): Object: 'Object Repository/Page_Simples/a_Simples Nacional' is clicked on

07-04-2025T17:08:09 - [MESSAGE][PASSED] - Object: 'Object Repository/Page_Simples/a_Simples Nacional' is clicked on]]></system-out>
         <system-err><![CDATA[]]></system-err>
      </testcase>
      <testcase name="Test Cases/TelaApuracao" time="38.651" classname="Test Cases/TelaApuracao" status="PASSED">
         <system-out><![CDATA[07-04-2025T17:08:09 - [TEST_CASE][PASSED] - Test Cases/TelaApuracao: Test Cases/TelaApuracao

07-04-2025T17:08:09 - [TEST_STEP][PASSED] - openBrowser(""): Browser is opened with url: ''

07-04-2025T17:08:09 - [MESSAGE][WARNING] - A browser is already opened. Closing browser and opening a new one

07-04-2025T17:08:10 - [MESSAGE][INFO] - Starting 'Chrome' driver

07-04-2025T17:08:10 - [MESSAGE][INFO] - Action delay is set to 0 milliseconds

07-04-2025T17:08:11 - [MESSAGE][PASSED] - Browser is opened with url: ''

07-04-2025T17:08:11 - [TEST_STEP][PASSED] - navigateToUrl("https://app.sittax.com.br/login"): Navigate to 'https://app.sittax.com.br/login' successfully

07-04-2025T17:08:12 - [MESSAGE][PASSED] - Navigate to 'https://app.sittax.com.br/login' successfully

07-04-2025T17:08:12 - [TEST_STEP][PASSED] - setText(findTestObject("Object Repository/Page_Simples/input_Usurio_usuario (1)"), "lucas.gontijo@sittax.com"): Text 'lucas.gontijo@sittax.com' is set on object 'Object Repository/Page_Simples/input_Usurio_usuario (1)'

07-04-2025T17:08:13 - [MESSAGE][PASSED] - Text 'lucas.gontijo@sittax.com' is set on object 'Object Repository/Page_Simples/input_Usurio_usuario (1)'

07-04-2025T17:08:13 - [TEST_STEP][PASSED] - setEncryptedText(findTestObject("Object Repository/Page_Simples/input_Senha_senha (1)"), "Q+mFkPFOH/RZRQ478vxz1g=="): Text ****** has been set on object 'Object Repository/Page_Simples/input_Senha_senha (1)'

07-04-2025T17:08:13 - [MESSAGE][PASSED] - Text ****** has been set on object 'Object Repository/Page_Simples/input_Senha_senha (1)'

07-04-2025T17:08:13 - [TEST_STEP][PASSED] - sendKeys(findTestObject("Object Repository/Page_Simples/input_Senha_senha (1)"), Keys.chord(ENTER)): Keys 'ENTER + ' sent to object: 'Object Repository/Page_Simples/input_Senha_senha (1)'

07-04-2025T17:08:14 - [MESSAGE][PASSED] - Keys 'ENTER + ' sent to object: 'Object Repository/Page_Simples/input_Senha_senha (1)'

07-04-2025T17:08:14 - [TEST_STEP][PASSED] - setEncryptedText(findTestObject("Object Repository/Page_Simples/input_Senha_senha (1)"), "Q+mFkPFOH/RZRQ478vxz1g=="): Text ****** has been set on object 'Object Repository/Page_Simples/input_Senha_senha (1)'

07-04-2025T17:08:14 - [MESSAGE][PASSED] - Text ****** has been set on object 'Object Repository/Page_Simples/input_Senha_senha (1)'

07-04-2025T17:08:14 - [TEST_STEP][PASSED] - sendKeys(findTestObject("Object Repository/Page_Simples/input_Senha_senha (1)"), Keys.chord(ENTER)): Keys 'ENTER + ' sent to object: 'Object Repository/Page_Simples/input_Senha_senha (1)'

07-04-2025T17:08:15 - [MESSAGE][PASSED] - Keys 'ENTER + ' sent to object: 'Object Repository/Page_Simples/input_Senha_senha (1)'

07-04-2025T17:08:15 - [TEST_STEP][PASSED] - setText(findTestObject("Object Repository/Page_Simples/input_Usurio_usuario (1)"), "lucas.gontijo@sittax.com.br"): Text 'lucas.gontijo@sittax.com.br' is set on object 'Object Repository/Page_Simples/input_Usurio_usuario (1)'

07-04-2025T17:08:16 - [MESSAGE][PASSED] - Text 'lucas.gontijo@sittax.com.br' is set on object 'Object Repository/Page_Simples/input_Usurio_usuario (1)'

07-04-2025T17:08:16 - [TEST_STEP][PASSED] - sendKeys(findTestObject("Object Repository/Page_Simples/input_Usurio_usuario (1)"), Keys.chord(ENTER)): Keys 'ENTER + ' sent to object: 'Object Repository/Page_Simples/input_Usurio_usuario (1)'

07-04-2025T17:08:16 - [MESSAGE][PASSED] - Keys 'ENTER + ' sent to object: 'Object Repository/Page_Simples/input_Usurio_usuario (1)'

07-04-2025T17:08:16 - [TEST_STEP][PASSED] - setText(findTestObject("Object Repository/Page_Simples/input_Selecione uma empresa_selectHeaderEmp_72c3ac (1)"), "a. f c"): Text 'a. f c' is set on object 'Object Repository/Page_Simples/input_Selecione uma empresa_selectHeaderEmp_72c3ac (1)'

07-04-2025T17:08:27 - [MESSAGE][PASSED] - Text 'a. f c' is set on object 'Object Repository/Page_Simples/input_Selecione uma empresa_selectHeaderEmp_72c3ac (1)'

07-04-2025T17:08:27 - [TEST_STEP][PASSED] - sendKeys(findTestObject("Object Repository/Page_Simples/input_Selecione uma empresa_selectHeaderEmp_72c3ac (1)"), Keys.chord(ENTER)): Keys 'ENTER + ' sent to object: 'Object Repository/Page_Simples/input_Selecione uma empresa_selectHeaderEmp_72c3ac (1)'

07-04-2025T17:08:27 - [MESSAGE][PASSED] - Keys 'ENTER + ' sent to object: 'Object Repository/Page_Simples/input_Selecione uma empresa_selectHeaderEmp_72c3ac (1)'

07-04-2025T17:08:27 - [TEST_STEP][PASSED] - click(findTestObject("Object Repository/Page_Simples/div_mar2025 (1)")): Object: 'Object Repository/Page_Simples/div_mar2025 (1)' is clicked on

07-04-2025T17:08:32 - [MESSAGE][PASSED] - Object: 'Object Repository/Page_Simples/div_mar2025 (1)' is clicked on

07-04-2025T17:08:32 - [TEST_STEP][PASSED] - click(findTestObject("Object Repository/Page_Simples/span_Janeiro")): Object: 'Object Repository/Page_Simples/span_Janeiro' is clicked on

07-04-2025T17:08:32 - [MESSAGE][PASSED] - Object: 'Object Repository/Page_Simples/span_Janeiro' is clicked on

07-04-2025T17:08:32 - [TEST_STEP][PASSED] - click(findTestObject("Object Repository/Page_Simples/img_Fechar_p-0 rounded-circle")): Object: 'Object Repository/Page_Simples/img_Fechar_p-0 rounded-circle' is clicked on

07-04-2025T17:08:43 - [MESSAGE][PASSED] - Object: 'Object Repository/Page_Simples/img_Fechar_p-0 rounded-circle' is clicked on

07-04-2025T17:08:43 - [TEST_STEP][PASSED] - click(findTestObject("Object Repository/Page_Simples/span_Apurao")): Object: 'Object Repository/Page_Simples/span_Apurao' is clicked on

07-04-2025T17:08:43 - [MESSAGE][PASSED] - Object: 'Object Repository/Page_Simples/span_Apurao' is clicked on

07-04-2025T17:08:43 - [TEST_STEP][PASSED] - click(findTestObject("Object Repository/Page_Simples/span_Gerar apurao")): Object: 'Object Repository/Page_Simples/span_Gerar apurao' is clicked on

07-04-2025T17:08:44 - [MESSAGE][PASSED] - Object: 'Object Repository/Page_Simples/span_Gerar apurao' is clicked on

07-04-2025T17:08:44 - [TEST_STEP][PASSED] - click(findTestObject("Object Repository/Page_Simples/button_OK")): Object: 'Object Repository/Page_Simples/button_OK' is clicked on

07-04-2025T17:08:48 - [MESSAGE][PASSED] - Object: 'Object Repository/Page_Simples/button_OK' is clicked on]]></system-out>
         <system-err><![CDATA[]]></system-err>
      </testcase>
      <system-out><![CDATA[07-04-2025T17:07:30 - [TEST_SUITE][PASSED] - AcessoApuracao: Test Cases/TelaApuracao]]></system-out>
      <system-err><![CDATA[]]></system-err>
   </testsuite>
</testsuites>
