<?xml version="1.0" encoding="UTF-8"?>
<testsuites name="AcessoApuracao" time="110.253" tests="3" failures="0" errors="0">
   <testsuite name="AcessoApuracao" tests="3" failures="0" errors="0" time="110.253" skipped="0" timestamp="07-04-2025T17:23:47" hostname="NOVO-0182 - S0182" id="Test Suites/Apuracao/AcessoApuracao">
      <properties>
         <property name="deviceName" value=""/>
         <property name="devicePlatform"/>
         <property name="logFolder" value="C:\\Users\\NOVO-0182\\git\\KatalonSittax\\Reports\\20250407_172341\\Apuracao\\AcessoApuracao\\20250407_172342"/>
         <property name="logFiles" value="C:\\Users\\NOVO-0182\\git\\KatalonSittax\\Reports\\20250407_172341\\Apuracao\\AcessoApuracao\\20250407_172342\\execution0.log"/>
         <property name="attachments" value=""/>
         <property name="hostName" value="NOVO-0182 - S0182"/>
         <property name="os" value="Windows 11 64bit"/>
         <property name="katalonVersion" value="10.1.1.0"/>
         <property name="browser" value="Chrome 135.0.7049.41"/>
         <property name="hostAddress" value="192.168.1.196"/>
         <property name="sessionId" value="051b1e317edc505e8d5c2652953fde8d"/>
         <property name="seleniumVersion" value="4.22.0"/>
         <property name="proxyInformation" value="ProxyInformation { proxyOption=NO_PROXY, proxyServerType=HTTP, username=, password=********, proxyServerAddress=, proxyServerPort=0, executionList=&quot;&quot;, isApplyToDesiredCapabilities=true }"/>
         <property name="platform" value="Windows 11"/>
      </properties>
      <testcase name="Test Cases/Login Test" time="39.235" classname="Test Cases/Login Test" status="PASSED">
         <system-out><![CDATA[07-04-2025T17:23:47 - [TEST_CASE][PASSED] - Test Cases/Login Test: Test Cases/Login Test

07-04-2025T17:23:47 - [TEST_STEP][PASSED] - openBrowser(""): Browser is opened with url: ''

07-04-2025T17:23:47 - [MESSAGE][INFO] - Starting 'Chrome' driver

07-04-2025T17:23:47 - [MESSAGE][INFO] - Action delay is set to 0 milliseconds

07-04-2025T17:23:49 - [MESSAGE][PASSED] - Browser is opened with url: ''

07-04-2025T17:23:49 - [TEST_STEP][PASSED] - navigateToUrl("https://app.sittax.com.br/login"): Navigate to 'https://app.sittax.com.br/login' successfully

07-04-2025T17:23:51 - [MESSAGE][PASSED] - Navigate to 'https://app.sittax.com.br/login' successfully

07-04-2025T17:23:51 - [TEST_STEP][PASSED] - setText(findTestObject("Object Repository/Page_Simples/input_Usurio_usuario"), "lucas.gontijo@sittax.com.br"): Text 'lucas.gontijo@sittax.com.br' is set on object 'Object Repository/Page_Simples/input_Usurio_usuario'

07-04-2025T17:23:53 - [MESSAGE][PASSED] - Text 'lucas.gontijo@sittax.com.br' is set on object 'Object Repository/Page_Simples/input_Usurio_usuario'

07-04-2025T17:23:53 - [TEST_STEP][PASSED] - setEncryptedText(findTestObject("Object Repository/Page_Simples/input_Senha_senha"), "Q+mFkPFOH/RZRQ478vxz1g=="): Text ****** has been set on object 'Object Repository/Page_Simples/input_Senha_senha'

07-04-2025T17:23:53 - [MESSAGE][PASSED] - Text ****** has been set on object 'Object Repository/Page_Simples/input_Senha_senha'

07-04-2025T17:23:53 - [TEST_STEP][PASSED] - sendKeys(findTestObject("Object Repository/Page_Simples/input_Senha_senha"), Keys.chord(ENTER)): Keys 'ENTER + ' sent to object: 'Object Repository/Page_Simples/input_Senha_senha'

07-04-2025T17:23:53 - [MESSAGE][PASSED] - Keys 'ENTER + ' sent to object: 'Object Repository/Page_Simples/input_Senha_senha'

07-04-2025T17:23:53 - [TEST_STEP][PASSED] - setText(findTestObject("Object Repository/Page_Simples/input_Selecione uma empresa_selectHeaderEmp_72c3ac"), "a. f c"): Text 'a. f c' is set on object 'Object Repository/Page_Simples/input_Selecione uma empresa_selectHeaderEmp_72c3ac'

07-04-2025T17:24:06 - [MESSAGE][PASSED] - Text 'a. f c' is set on object 'Object Repository/Page_Simples/input_Selecione uma empresa_selectHeaderEmp_72c3ac'

07-04-2025T17:24:06 - [TEST_STEP][PASSED] - sendKeys(findTestObject("Object Repository/Page_Simples/input_Selecione uma empresa_selectHeaderEmp_72c3ac"), Keys.chord(ENTER)): Keys 'ENTER + ' sent to object: 'Object Repository/Page_Simples/input_Selecione uma empresa_selectHeaderEmp_72c3ac'

07-04-2025T17:24:06 - [MESSAGE][PASSED] - Keys 'ENTER + ' sent to object: 'Object Repository/Page_Simples/input_Selecione uma empresa_selectHeaderEmp_72c3ac'

07-04-2025T17:24:06 - [TEST_STEP][PASSED] - click(findTestObject("Object Repository/Page_Simples/div_mar2025")): Object: 'Object Repository/Page_Simples/div_mar2025' is clicked on

07-04-2025T17:24:11 - [MESSAGE][PASSED] - Object: 'Object Repository/Page_Simples/div_mar2025' is clicked on

07-04-2025T17:24:11 - [TEST_STEP][PASSED] - click(findTestObject("Object Repository/Page_Simples/span_Fevereiro")): Object: 'Object Repository/Page_Simples/span_Fevereiro' is clicked on

07-04-2025T17:24:11 - [MESSAGE][PASSED] - Object: 'Object Repository/Page_Simples/span_Fevereiro' is clicked on

07-04-2025T17:24:11 - [TEST_STEP][PASSED] - click(findTestObject("Object Repository/Page_Simples/a_MEI")): Object: 'Object Repository/Page_Simples/a_MEI' is clicked on

07-04-2025T17:24:23 - [MESSAGE][PASSED] - Object: 'Object Repository/Page_Simples/a_MEI' is clicked on

07-04-2025T17:24:23 - [TEST_STEP][PASSED] - click(findTestObject("Object Repository/Page_Simples/a_Simples Nacional")): Object: 'Object Repository/Page_Simples/a_Simples Nacional' is clicked on

07-04-2025T17:24:26 - [MESSAGE][PASSED] - Object: 'Object Repository/Page_Simples/a_Simples Nacional' is clicked on]]></system-out>
         <system-err><![CDATA[]]></system-err>
      </testcase>
      <testcase name="Test Cases/TelaApuracao" time="36.842" classname="Test Cases/TelaApuracao" status="PASSED">
         <system-out><![CDATA[07-04-2025T17:24:26 - [TEST_CASE][PASSED] - Test Cases/TelaApuracao: Test Cases/TelaApuracao

07-04-2025T17:24:26 - [TEST_STEP][PASSED] - openBrowser(""): Browser is opened with url: ''

07-04-2025T17:24:26 - [MESSAGE][WARNING] - A browser is already opened. Closing browser and opening a new one

07-04-2025T17:24:27 - [MESSAGE][INFO] - Starting 'Chrome' driver

07-04-2025T17:24:27 - [MESSAGE][INFO] - Action delay is set to 0 milliseconds

07-04-2025T17:24:27 - [MESSAGE][PASSED] - Browser is opened with url: ''

07-04-2025T17:24:27 - [TEST_STEP][PASSED] - navigateToUrl("https://app.sittax.com.br/login"): Navigate to 'https://app.sittax.com.br/login' successfully

07-04-2025T17:24:29 - [MESSAGE][PASSED] - Navigate to 'https://app.sittax.com.br/login' successfully

07-04-2025T17:24:29 - [TEST_STEP][PASSED] - setText(findTestObject("Object Repository/Page_Simples/input_Usurio_usuario (1)"), "lucas.gontijo@sittax.com"): Text 'lucas.gontijo@sittax.com' is set on object 'Object Repository/Page_Simples/input_Usurio_usuario (1)'

07-04-2025T17:24:30 - [MESSAGE][PASSED] - Text 'lucas.gontijo@sittax.com' is set on object 'Object Repository/Page_Simples/input_Usurio_usuario (1)'

07-04-2025T17:24:30 - [TEST_STEP][PASSED] - setEncryptedText(findTestObject("Object Repository/Page_Simples/input_Senha_senha (1)"), "Q+mFkPFOH/RZRQ478vxz1g=="): Text ****** has been set on object 'Object Repository/Page_Simples/input_Senha_senha (1)'

07-04-2025T17:24:30 - [MESSAGE][PASSED] - Text ****** has been set on object 'Object Repository/Page_Simples/input_Senha_senha (1)'

07-04-2025T17:24:30 - [TEST_STEP][PASSED] - sendKeys(findTestObject("Object Repository/Page_Simples/input_Senha_senha (1)"), Keys.chord(ENTER)): Keys 'ENTER + ' sent to object: 'Object Repository/Page_Simples/input_Senha_senha (1)'

07-04-2025T17:24:30 - [MESSAGE][PASSED] - Keys 'ENTER + ' sent to object: 'Object Repository/Page_Simples/input_Senha_senha (1)'

07-04-2025T17:24:30 - [TEST_STEP][PASSED] - setEncryptedText(findTestObject("Object Repository/Page_Simples/input_Senha_senha (1)"), "Q+mFkPFOH/RZRQ478vxz1g=="): Text ****** has been set on object 'Object Repository/Page_Simples/input_Senha_senha (1)'

07-04-2025T17:24:31 - [MESSAGE][PASSED] - Text ****** has been set on object 'Object Repository/Page_Simples/input_Senha_senha (1)'

07-04-2025T17:24:31 - [TEST_STEP][PASSED] - sendKeys(findTestObject("Object Repository/Page_Simples/input_Senha_senha (1)"), Keys.chord(ENTER)): Keys 'ENTER + ' sent to object: 'Object Repository/Page_Simples/input_Senha_senha (1)'

07-04-2025T17:24:31 - [MESSAGE][PASSED] - Keys 'ENTER + ' sent to object: 'Object Repository/Page_Simples/input_Senha_senha (1)'

07-04-2025T17:24:31 - [TEST_STEP][PASSED] - setText(findTestObject("Object Repository/Page_Simples/input_Usurio_usuario (1)"), "lucas.gontijo@sittax.com.br"): Text 'lucas.gontijo@sittax.com.br' is set on object 'Object Repository/Page_Simples/input_Usurio_usuario (1)'

07-04-2025T17:24:32 - [MESSAGE][PASSED] - Text 'lucas.gontijo@sittax.com.br' is set on object 'Object Repository/Page_Simples/input_Usurio_usuario (1)'

07-04-2025T17:24:32 - [TEST_STEP][PASSED] - sendKeys(findTestObject("Object Repository/Page_Simples/input_Usurio_usuario (1)"), Keys.chord(ENTER)): Keys 'ENTER + ' sent to object: 'Object Repository/Page_Simples/input_Usurio_usuario (1)'

07-04-2025T17:24:33 - [MESSAGE][PASSED] - Keys 'ENTER + ' sent to object: 'Object Repository/Page_Simples/input_Usurio_usuario (1)'

07-04-2025T17:24:33 - [TEST_STEP][PASSED] - setText(findTestObject("Object Repository/Page_Simples/input_Selecione uma empresa_selectHeaderEmp_72c3ac (1)"), "a. f c"): Text 'a. f c' is set on object 'Object Repository/Page_Simples/input_Selecione uma empresa_selectHeaderEmp_72c3ac (1)'

07-04-2025T17:24:42 - [MESSAGE][PASSED] - Text 'a. f c' is set on object 'Object Repository/Page_Simples/input_Selecione uma empresa_selectHeaderEmp_72c3ac (1)'

07-04-2025T17:24:42 - [TEST_STEP][PASSED] - sendKeys(findTestObject("Object Repository/Page_Simples/input_Selecione uma empresa_selectHeaderEmp_72c3ac (1)"), Keys.chord(ENTER)): Keys 'ENTER + ' sent to object: 'Object Repository/Page_Simples/input_Selecione uma empresa_selectHeaderEmp_72c3ac (1)'

07-04-2025T17:24:43 - [MESSAGE][PASSED] - Keys 'ENTER + ' sent to object: 'Object Repository/Page_Simples/input_Selecione uma empresa_selectHeaderEmp_72c3ac (1)'

07-04-2025T17:24:43 - [TEST_STEP][PASSED] - click(findTestObject("Object Repository/Page_Simples/div_mar2025 (1)")): Object: 'Object Repository/Page_Simples/div_mar2025 (1)' is clicked on

07-04-2025T17:24:47 - [MESSAGE][PASSED] - Object: 'Object Repository/Page_Simples/div_mar2025 (1)' is clicked on

07-04-2025T17:24:47 - [TEST_STEP][PASSED] - click(findTestObject("Object Repository/Page_Simples/span_Janeiro")): Object: 'Object Repository/Page_Simples/span_Janeiro' is clicked on

07-04-2025T17:24:48 - [MESSAGE][PASSED] - Object: 'Object Repository/Page_Simples/span_Janeiro' is clicked on

07-04-2025T17:24:48 - [TEST_STEP][PASSED] - click(findTestObject("Object Repository/Page_Simples/img_Fechar_p-0 rounded-circle")): Object: 'Object Repository/Page_Simples/img_Fechar_p-0 rounded-circle' is clicked on

07-04-2025T17:24:58 - [MESSAGE][PASSED] - Object: 'Object Repository/Page_Simples/img_Fechar_p-0 rounded-circle' is clicked on

07-04-2025T17:24:58 - [TEST_STEP][PASSED] - click(findTestObject("Object Repository/Page_Simples/span_Apurao")): Object: 'Object Repository/Page_Simples/span_Apurao' is clicked on

07-04-2025T17:24:59 - [MESSAGE][PASSED] - Object: 'Object Repository/Page_Simples/span_Apurao' is clicked on

07-04-2025T17:24:59 - [TEST_STEP][PASSED] - click(findTestObject("Object Repository/Page_Simples/span_Gerar apurao")): Object: 'Object Repository/Page_Simples/span_Gerar apurao' is clicked on

07-04-2025T17:24:59 - [MESSAGE][PASSED] - Object: 'Object Repository/Page_Simples/span_Gerar apurao' is clicked on

07-04-2025T17:24:59 - [TEST_STEP][PASSED] - click(findTestObject("Object Repository/Page_Simples/button_OK")): Object: 'Object Repository/Page_Simples/button_OK' is clicked on

07-04-2025T17:25:03 - [MESSAGE][PASSED] - Object: 'Object Repository/Page_Simples/button_OK' is clicked on]]></system-out>
         <system-err><![CDATA[]]></system-err>
      </testcase>
      <testcase name="Test Cases/DARFECalculo" time="33.968" classname="Test Cases/DARFECalculo" status="PASSED">
         <system-out><![CDATA[07-04-2025T17:25:03 - [TEST_CASE][PASSED] - Test Cases/DARFECalculo: Test Cases/DARFECalculo

07-04-2025T17:25:03 - [TEST_STEP][PASSED] - openBrowser(""): Browser is opened with url: ''

07-04-2025T17:25:03 - [MESSAGE][WARNING] - A browser is already opened. Closing browser and opening a new one

07-04-2025T17:25:03 - [MESSAGE][INFO] - Starting 'Chrome' driver

07-04-2025T17:25:03 - [MESSAGE][INFO] - Action delay is set to 0 milliseconds

07-04-2025T17:25:04 - [MESSAGE][PASSED] - Browser is opened with url: ''

07-04-2025T17:25:04 - [TEST_STEP][PASSED] - navigateToUrl("https://app.sittax.com.br/login"): Navigate to 'https://app.sittax.com.br/login' successfully

07-04-2025T17:25:06 - [MESSAGE][PASSED] - Navigate to 'https://app.sittax.com.br/login' successfully

07-04-2025T17:25:06 - [TEST_STEP][PASSED] - setText(findTestObject("Object Repository/Page_Simples/input_Usurio_usuario (2)"), "lucas.gontijo@sittax.com.br"): Text 'lucas.gontijo@sittax.com.br' is set on object 'Object Repository/Page_Simples/input_Usurio_usuario (2)'

07-04-2025T17:25:07 - [MESSAGE][PASSED] - Text 'lucas.gontijo@sittax.com.br' is set on object 'Object Repository/Page_Simples/input_Usurio_usuario (2)'

07-04-2025T17:25:07 - [TEST_STEP][PASSED] - setEncryptedText(findTestObject("Object Repository/Page_Simples/input_Senha_senha (2)"), "Q+mFkPFOH/RZRQ478vxz1g=="): Text ****** has been set on object 'Object Repository/Page_Simples/input_Senha_senha (2)'

07-04-2025T17:25:07 - [MESSAGE][PASSED] - Text ****** has been set on object 'Object Repository/Page_Simples/input_Senha_senha (2)'

07-04-2025T17:25:07 - [TEST_STEP][PASSED] - sendKeys(findTestObject("Object Repository/Page_Simples/input_Senha_senha (2)"), Keys.chord(ENTER)): Keys 'ENTER + ' sent to object: 'Object Repository/Page_Simples/input_Senha_senha (2)'

07-04-2025T17:25:07 - [MESSAGE][PASSED] - Keys 'ENTER + ' sent to object: 'Object Repository/Page_Simples/input_Senha_senha (2)'

07-04-2025T17:25:07 - [TEST_STEP][PASSED] - setText(findTestObject("Object Repository/Page_Simples/input_Selecione uma empresa_selectHeaderEmp_72c3ac (2)"), "20.677.475/0001-24"): Text '20.677.475/0001-24' is set on object 'Object Repository/Page_Simples/input_Selecione uma empresa_selectHeaderEmp_72c3ac (2)'

07-04-2025T17:25:19 - [MESSAGE][PASSED] - Text '20.677.475/0001-24' is set on object 'Object Repository/Page_Simples/input_Selecione uma empresa_selectHeaderEmp_72c3ac (2)'

07-04-2025T17:25:19 - [TEST_STEP][PASSED] - sendKeys(findTestObject("Object Repository/Page_Simples/input_Selecione uma empresa_selectHeaderEmp_72c3ac (2)"), Keys.chord(ENTER)): Keys 'ENTER + ' sent to object: 'Object Repository/Page_Simples/input_Selecione uma empresa_selectHeaderEmp_72c3ac (2)'

07-04-2025T17:25:19 - [MESSAGE][PASSED] - Keys 'ENTER + ' sent to object: 'Object Repository/Page_Simples/input_Selecione uma empresa_selectHeaderEmp_72c3ac (2)'

07-04-2025T17:25:19 - [TEST_STEP][PASSED] - click(findTestObject("Object Repository/Page_Simples/div_mar2025 (2)")): Object: 'Object Repository/Page_Simples/div_mar2025 (2)' is clicked on

07-04-2025T17:25:24 - [MESSAGE][PASSED] - Object: 'Object Repository/Page_Simples/div_mar2025 (2)' is clicked on

07-04-2025T17:25:24 - [TEST_STEP][PASSED] - click(findTestObject("Object Repository/Page_Simples/span_Janeiro (1)")): Object: 'Object Repository/Page_Simples/span_Janeiro (1)' is clicked on

07-04-2025T17:25:24 - [MESSAGE][PASSED] - Object: 'Object Repository/Page_Simples/span_Janeiro (1)' is clicked on

07-04-2025T17:25:24 - [TEST_STEP][PASSED] - click(findTestObject("Object Repository/Page_Simples/img_Fechar_p-0 rounded-circle (1)")): Object: 'Object Repository/Page_Simples/img_Fechar_p-0 rounded-circle (1)' is clicked on

07-04-2025T17:25:35 - [MESSAGE][PASSED] - Object: 'Object Repository/Page_Simples/img_Fechar_p-0 rounded-circle (1)' is clicked on

07-04-2025T17:25:35 - [TEST_STEP][PASSED] - click(findTestObject("Object Repository/Page_Simples/span_DIFAL")): Object: 'Object Repository/Page_Simples/span_DIFAL' is clicked on

07-04-2025T17:25:35 - [MESSAGE][PASSED] - Object: 'Object Repository/Page_Simples/span_DIFAL' is clicked on

07-04-2025T17:25:35 - [TEST_STEP][PASSED] - click(findTestObject("Object Repository/Page_Simples/span_Clculo")): Object: 'Object Repository/Page_Simples/span_Clculo' is clicked on

07-04-2025T17:25:36 - [MESSAGE][PASSED] - Object: 'Object Repository/Page_Simples/span_Clculo' is clicked on

07-04-2025T17:25:36 - [TEST_STEP][PASSED] - click(findTestObject("Object Repository/Page_Simples/button_OK (1)")): Object: 'Object Repository/Page_Simples/button_OK (1)' is clicked on

07-04-2025T17:25:37 - [MESSAGE][PASSED] - Object: 'Object Repository/Page_Simples/button_OK (1)' is clicked on]]></system-out>
         <system-err><![CDATA[]]></system-err>
      </testcase>
      <system-out><![CDATA[07-04-2025T17:23:47 - [TEST_SUITE][PASSED] - AcessoApuracao: Test Cases/DARFECalculo]]></system-out>
      <system-err><![CDATA[]]></system-err>
   </testsuite>
</testsuites>
